<?xml version="1.0" encoding="UTF-8"?>
<!-- Generated by org.testng.reporters.JUnitReportReporter -->
<testsuite skipped="0" hostname="01HW1091173" name="testScript.Test1" tests="1" failures="0" timestamp="04 Jul 2018 21:25:42 GMT" time="175.399" errors="0">
  <testcase name="testNESTHome" time="175.399" classname="testScript.Test1"/>
</testsuite> <!-- testScript.Test1 -->
